/usr/gapps/visit/1.5.5/linux-intel/bin/engine_ser -host hoth.llnl.gov -timeout 480 -port 5600 -key 305a9cbbb22c1b78bc8e 
ENGINE started
Succesfully loaded info about 18 plot plugins.
Succesfully loaded info about 32 operator plugins.
Succesfully loaded info about 63 database plugins.
Creating new VisWindow for id=0
Loaded full database plugin Silo version 1.0
Skipping already loaded database plugin Silo version 1.0
Skipping already loaded database plugin Silo version 1.0
Loaded full plot plugin Pseudocolor version 1.0
Unable to determine data extents -- dataset needs an update
Unable to determine spatial extents -- dataset needs an update
Entered update for avtCurrentExtentFilter
Entered update for avtCompactTreeFilter
Entered update for avtVertexNormalsFilter
Entered update for avtCondenseDatasetFilter
Entered update for avtGhostZoneAndFacelistFilter
Entered update for avtShiftCenteringFilter
Entered update for avtExpressionEvaluatorFilter
Executing avtExpressionEvaluatorFilter
Done executing avtExpressionEvaluatorFilter
Done Updating avtExpressionEvaluatorFilter
Executing avtShiftCenteringFilter
Done executing avtShiftCenteringFilter
Done Updating avtShiftCenteringFilter
Executing avtGhostZoneAndFacelistFilter
Entered update for avtFacelistFilter
Executing avtFacelistFilter
Done executing avtFacelistFilter
Done Updating avtFacelistFilter
Done executing avtGhostZoneAndFacelistFilter
Done Updating avtGhostZoneAndFacelistFilter
Executing avtCondenseDatasetFilter
Done executing avtCondenseDatasetFilter
Done Updating avtCondenseDatasetFilter
Executing avtVertexNormalsFilter
Done executing avtVertexNormalsFilter
Done Updating avtVertexNormalsFilter
Executing avtCompactTreeFilter
Done executing avtCompactTreeFilter
Done Updating avtCompactTreeFilter
Executing avtCurrentExtentFilter
Done executing avtCurrentExtentFilter
Done Updating avtCurrentExtentFilter
Skipping already loaded database plugin Silo version 1.0
Loaded full operator plugin Isovolume version 1.0
Releasing all data associated with network 0
A data object sink's current input was fed back into itself, ignoring...
A data object sink's current input was fed back into itself, ignoring...
Skipping already loaded plot plugin Pseudocolor version 1.0
Unable to determine data extents -- dataset needs an update
Unable to determine spatial extents -- dataset needs an update
Entered update for avtCurrentExtentFilter
Entered update for avtCompactTreeFilter
Entered update for avtVertexNormalsFilter
Entered update for avtCondenseDatasetFilter
Entered update for avtGhostZoneAndFacelistFilter
Entered update for avtShiftCenteringFilter
Entered update for avtIsovolumeFilter
Entered update for avtExpressionEvaluatorFilter
Executing avtExpressionEvaluatorFilter
Done executing avtExpressionEvaluatorFilter
Done Updating avtExpressionEvaluatorFilter
Executing avtIsovolumeFilter
Done executing avtIsovolumeFilter
Done Updating avtIsovolumeFilter
Executing avtShiftCenteringFilter
Done executing avtShiftCenteringFilter
Done Updating avtShiftCenteringFilter
Executing avtGhostZoneAndFacelistFilter
Entered update for avtFacelistFilter
Executing avtFacelistFilter
Done executing avtFacelistFilter
Done Updating avtFacelistFilter
Done executing avtGhostZoneAndFacelistFilter
Done Updating avtGhostZoneAndFacelistFilter
Executing avtCondenseDatasetFilter
Done executing avtCondenseDatasetFilter
Done Updating avtCondenseDatasetFilter
Executing avtVertexNormalsFilter
Done executing avtVertexNormalsFilter
Done Updating avtVertexNormalsFilter
Executing avtCompactTreeFilter
Done executing avtCompactTreeFilter
Done Updating avtCompactTreeFilter
Executing avtCurrentExtentFilter
Done executing avtCurrentExtentFilter
Done Updating avtCurrentExtentFilter
Skipping already loaded database plugin Silo version 1.0
Skipping already loaded operator plugin Isovolume version 1.0
Releasing all data associated with network 1
A data object sink's current input was fed back into itself, ignoring...
A data object sink's current input was fed back into itself, ignoring...
Skipping already loaded plot plugin Pseudocolor version 1.0
Unable to determine data extents -- dataset needs an update
Unable to determine data extents -- dataset needs an update
Unable to determine spatial extents -- dataset needs an update
Entered update for avtCurrentExtentFilter
Entered update for avtCompactTreeFilter
Entered update for avtVertexNormalsFilter
Entered update for avtCondenseDatasetFilter
Entered update for avtGhostZoneAndFacelistFilter
Entered update for avtShiftCenteringFilter
Entered update for avtIsovolumeFilter
Entered update for avtExpressionEvaluatorFilter
Executing avtExpressionEvaluatorFilter
Done executing avtExpressionEvaluatorFilter
Done Updating avtExpressionEvaluatorFilter
Executing avtIsovolumeFilter
Done executing avtIsovolumeFilter
Done Updating avtIsovolumeFilter
Executing avtShiftCenteringFilter
Done executing avtShiftCenteringFilter
Done Updating avtShiftCenteringFilter
Executing avtGhostZoneAndFacelistFilter
Entered update for avtFacelistFilter
Executing avtFacelistFilter
Done executing avtFacelistFilter
Done Updating avtFacelistFilter
Done executing avtGhostZoneAndFacelistFilter
Done Updating avtGhostZoneAndFacelistFilter
Executing avtCondenseDatasetFilter
Done executing avtCondenseDatasetFilter
Done Updating avtCondenseDatasetFilter
Executing avtVertexNormalsFilter
Done executing avtVertexNormalsFilter
Done Updating avtVertexNormalsFilter
Executing avtCompactTreeFilter
Done executing avtCompactTreeFilter
Done Updating avtCompactTreeFilter
Executing avtCurrentExtentFilter
Done executing avtCurrentExtentFilter
Done Updating avtCurrentExtentFilter
Skipping already loaded database plugin Silo version 1.0
Skipping already loaded operator plugin Isovolume version 1.0
Releasing all data associated with network 2
A data object sink's current input was fed back into itself, ignoring...
A data object sink's current input was fed back into itself, ignoring...
Skipping already loaded plot plugin Pseudocolor version 1.0
Unable to determine data extents -- dataset needs an update
Unable to determine data extents -- dataset needs an update
Unable to determine spatial extents -- dataset needs an update
Entered update for avtCurrentExtentFilter
Entered update for avtCompactTreeFilter
Entered update for avtVertexNormalsFilter
Entered update for avtCondenseDatasetFilter
Entered update for avtGhostZoneAndFacelistFilter
Entered update for avtShiftCenteringFilter
Entered update for avtIsovolumeFilter
Entered update for avtExpressionEvaluatorFilter
Executing avtExpressionEvaluatorFilter
Done executing avtExpressionEvaluatorFilter
Done Updating avtExpressionEvaluatorFilter
Executing avtIsovolumeFilter
Done executing avtIsovolumeFilter
Done Updating avtIsovolumeFilter
Executing avtShiftCenteringFilter
Done executing avtShiftCenteringFilter
Done Updating avtShiftCenteringFilter
Executing avtGhostZoneAndFacelistFilter
Entered update for avtFacelistFilter
Executing avtFacelistFilter
Done executing avtFacelistFilter
Done Updating avtFacelistFilter
Done executing avtGhostZoneAndFacelistFilter
Done Updating avtGhostZoneAndFacelistFilter
Executing avtCondenseDatasetFilter
Done executing avtCondenseDatasetFilter
Done Updating avtCondenseDatasetFilter
Executing avtVertexNormalsFilter
Done executing avtVertexNormalsFilter
Done Updating avtVertexNormalsFilter
Executing avtCompactTreeFilter
Done executing avtCompactTreeFilter
Done Updating avtCompactTreeFilter
Executing avtCurrentExtentFilter
Done executing avtCurrentExtentFilter
Done Updating avtCurrentExtentFilter
Skipping already loaded database plugin Silo version 1.0
Skipping already loaded operator plugin Isovolume version 1.0
Releasing all data associated with network 3
A data object sink's current input was fed back into itself, ignoring...
A data object sink's current input was fed back into itself, ignoring...
Skipping already loaded plot plugin Pseudocolor version 1.0
Unable to determine data extents -- dataset needs an update
Unable to determine data extents -- dataset needs an update
Unable to determine spatial extents -- dataset needs an update
Entered update for avtCurrentExtentFilter
Entered update for avtCompactTreeFilter
Entered update for avtVertexNormalsFilter
Entered update for avtCondenseDatasetFilter
Entered update for avtGhostZoneAndFacelistFilter
Entered update for avtIsovolumeFilter
Entered update for avtExpressionEvaluatorFilter
Executing avtExpressionEvaluatorFilter
Done executing avtExpressionEvaluatorFilter
Done Updating avtExpressionEvaluatorFilter
Executing avtIsovolumeFilter
Done executing avtIsovolumeFilter
Done Updating avtIsovolumeFilter
Executing avtGhostZoneAndFacelistFilter
Entered update for avtFacelistFilter
Executing avtFacelistFilter
Done executing avtFacelistFilter
Done Updating avtFacelistFilter
Done executing avtGhostZoneAndFacelistFilter
Done Updating avtGhostZoneAndFacelistFilter
Executing avtCondenseDatasetFilter
Done executing avtCondenseDatasetFilter
Done Updating avtCondenseDatasetFilter
Executing avtVertexNormalsFilter
Done executing avtVertexNormalsFilter
Done Updating avtVertexNormalsFilter
Executing avtCompactTreeFilter
Done executing avtCompactTreeFilter
Done Updating avtCompactTreeFilter
Executing avtCurrentExtentFilter
Done executing avtCurrentExtentFilter
Done Updating avtCurrentExtentFilter
Releasing all data associated with network 4
A data object sink's current input was fed back into itself, ignoring...
A data object sink's current input was fed back into itself, ignoring...
ENGINE exited.
